Starting new HTTPS connection (1): na31.salesforce.com
Starting new HTTPS connection (1): na31.salesforce.com
Starting new HTTPS connection (1): na31.salesforce.com
Starting new HTTPS connection (1): na31.salesforce.com
Starting new HTTPS connection (1): na31.salesforce.com
Starting new HTTPS connection (1): na31.salesforce.com
Starting new HTTPS connection (1): na31.salesforce.com
Starting new HTTPS connection (1): na31.salesforce.com
Starting new HTTPS connection (1): na31.salesforce.com
Starting new HTTPS connection (1): na31.salesforce.com
Starting new HTTPS connection (1): na31.salesforce.com
Starting new HTTPS connection (1): na31.salesforce.com
Starting new HTTPS connection (1): na31.salesforce.com
Starting new HTTPS connection (1): na31.salesforce.com
Starting new HTTPS connection (1): na31.salesforce.com
Starting new HTTPS connection (1): na31.salesforce.com
Starting new HTTPS connection (1): na31.salesforce.com
Starting new HTTPS connection (1): na31.salesforce.com
Starting new HTTPS connection (1): na31.salesforce.com
Starting new HTTPS connection (1): na31.salesforce.com
Starting new HTTPS connection (1): na31.salesforce.com
Starting new HTTPS connection (1): na31.salesforce.com
Starting new HTTPS connection (1): na31.salesforce.com
Starting new HTTPS connection (1): na31.salesforce.com
Starting new HTTPS connection (1): na31.salesforce.com
Starting new HTTPS connection (1): na31.salesforce.com
Starting new HTTPS connection (1): na31.salesforce.com
Starting new HTTPS connection (1): na31.salesforce.com
Starting new HTTPS connection (1): na31.salesforce.com
Starting new HTTPS connection (1): na31.salesforce.com
Starting new HTTPS connection (1): na31.salesforce.com
Starting new HTTPS connection (1): na31.salesforce.com
Starting new HTTPS connection (1): na31.salesforce.com
Starting new HTTPS connection (1): na31.salesforce.com
Starting new HTTPS connection (1): na31.salesforce.com
Starting new HTTPS connection (1): na31.salesforce.com
Starting new HTTPS connection (1): na31.salesforce.com
Starting new HTTPS connection (1): na31.salesforce.com
Starting new HTTPS connection (1): na31.salesforce.com
Starting new HTTPS connection (1): na31.salesforce.com
Starting new HTTPS connection (1): na31.salesforce.com
Starting new HTTPS connection (1): na31.salesforce.com
Starting new HTTPS connection (1): na31.salesforce.com
Starting new HTTPS connection (1): na31.salesforce.com
Starting new HTTPS connection (1): na31.salesforce.com
Starting new HTTPS connection (1): na31.salesforce.com
Starting new HTTPS connection (1): na31.salesforce.com
Starting new HTTPS connection (1): na31.salesforce.com
Starting new HTTPS connection (1): na31.salesforce.com
Starting new HTTPS connection (1): na31.salesforce.com
Starting new HTTPS connection (1): na31.salesforce.com
Starting new HTTPS connection (1): na31.salesforce.com
Starting new HTTPS connection (1): na31.salesforce.com
Starting new HTTPS connection (1): na31.salesforce.com
Starting new HTTPS connection (1): na31.salesforce.com
Starting new HTTPS connection (1): na31.salesforce.com
Starting new HTTPS connection (1): na31.salesforce.com
Starting new HTTPS connection (1): na31.salesforce.com
Starting new HTTPS connection (1): na31.salesforce.com
Starting new HTTPS connection (1): na31.salesforce.com
Starting new HTTPS connection (1): na31.salesforce.com
Starting new HTTPS connection (1): na31.salesforce.com
Starting new HTTPS connection (1): na31.salesforce.com
Starting new HTTPS connection (1): na31.salesforce.com
Starting new HTTPS connection (1): na31.salesforce.com
Starting new HTTPS connection (1): na31.salesforce.com
Starting new HTTPS connection (1): na31.salesforce.com
Starting new HTTPS connection (1): na31.salesforce.com
Starting new HTTPS connection (1): na31.salesforce.com
Starting new HTTPS connection (1): na31.salesforce.com
Starting new HTTPS connection (1): na31.salesforce.com
Starting new HTTPS connection (1): na31.salesforce.com
Starting new HTTPS connection (1): na31.salesforce.com
Starting new HTTPS connection (1): na31.salesforce.com
Starting new HTTPS connection (1): na31.salesforce.com
Starting new HTTPS connection (1): na31.salesforce.com
Starting new HTTPS connection (1): na31.salesforce.com
Starting new HTTPS connection (1): na31.salesforce.com
Starting new HTTPS connection (1): na31.salesforce.com
Starting new HTTPS connection (1): na31.salesforce.com
Starting new HTTPS connection (1): na31.salesforce.com
Starting new HTTPS connection (1): na31.salesforce.com
Starting new HTTPS connection (1): na31.salesforce.com
Starting new HTTPS connection (1): na31.salesforce.com
Starting new HTTPS connection (1): na31.salesforce.com
Starting new HTTPS connection (1): na31.salesforce.com
Starting new HTTPS connection (1): na31.salesforce.com
Starting new HTTPS connection (1): na31.salesforce.com
Starting new HTTPS connection (1): na31.salesforce.com
Starting new HTTPS connection (1): na31.salesforce.com
Starting new HTTPS connection (1): na31.salesforce.com
Starting new HTTPS connection (1): na31.salesforce.com
Starting new HTTPS connection (1): na31.salesforce.com
Starting new HTTPS connection (1): na31.salesforce.com
Starting new HTTPS connection (1): na31.salesforce.com
Starting new HTTPS connection (1): na31.salesforce.com
Starting new HTTPS connection (1): na31.salesforce.com
Starting new HTTPS connection (1): na31.salesforce.com
Starting new HTTPS connection (1): na31.salesforce.com
Starting new HTTPS connection (1): na31.salesforce.com
Starting new HTTPS connection (1): na31.salesforce.com
Starting new HTTPS connection (1): na31.salesforce.com
Starting new HTTPS connection (1): na31.salesforce.com
Starting new HTTPS connection (1): na31.salesforce.com
Starting new HTTPS connection (1): na31.salesforce.com
Starting new HTTPS connection (1): na31.salesforce.com
Starting new HTTPS connection (1): na31.salesforce.com
Starting new HTTPS connection (1): na31.salesforce.com
Starting new HTTPS connection (1): na31.salesforce.com
Starting new HTTPS connection (1): na31.salesforce.com
Starting new HTTPS connection (1): na31.salesforce.com
Starting new HTTPS connection (1): na31.salesforce.com
Starting new HTTPS connection (1): na31.salesforce.com
Starting new HTTPS connection (1): na31.salesforce.com
Starting new HTTPS connection (1): na31.salesforce.com
Starting new HTTPS connection (1): na31.salesforce.com
Starting new HTTPS connection (1): na31.salesforce.com
Starting new HTTPS connection (1): na31.salesforce.com
Starting new HTTPS connection (1): na31.salesforce.com
Starting new HTTPS connection (1): na31.salesforce.com
Starting new HTTPS connection (1): na31.salesforce.com
Starting new HTTPS connection (1): na31.salesforce.com
Starting new HTTPS connection (1): na31.salesforce.com
Starting new HTTPS connection (1): na31.salesforce.com
Starting new HTTPS connection (1): na31.salesforce.com
Starting new HTTPS connection (1): na31.salesforce.com
Starting new HTTPS connection (1): na31.salesforce.com
Starting new HTTPS connection (1): na31.salesforce.com
Starting new HTTPS connection (1): na31.salesforce.com
Starting new HTTPS connection (1): na31.salesforce.com
Starting new HTTPS connection (1): na31.salesforce.com
Starting new HTTPS connection (1): na31.salesforce.com
Starting new HTTPS connection (1): na31.salesforce.com
Starting new HTTPS connection (1): na31.salesforce.com
Starting new HTTPS connection (1): na31.salesforce.com
Starting new HTTPS connection (1): na31.salesforce.com
Starting new HTTPS connection (1): na31.salesforce.com
Starting new HTTPS connection (1): na31.salesforce.com
Starting new HTTPS connection (1): na31.salesforce.com
Starting new HTTPS connection (1): na31.salesforce.com
Starting new HTTPS connection (1): na31.salesforce.com
Starting new HTTPS connection (1): na31.salesforce.com
Starting new HTTPS connection (1): na31.salesforce.com
Starting new HTTPS connection (1): na31.salesforce.com
Starting new HTTPS connection (1): na31.salesforce.com
Starting new HTTPS connection (1): na31.salesforce.com
Starting new HTTPS connection (1): na31.salesforce.com
Starting new HTTPS connection (1): na31.salesforce.com
Starting new HTTPS connection (1): na31.salesforce.com
Starting new HTTPS connection (1): na31.salesforce.com
Starting new HTTPS connection (1): na31.salesforce.com
Starting new HTTPS connection (1): na31.salesforce.com
Starting new HTTPS connection (1): na31.salesforce.com
Starting new HTTPS connection (1): na31.salesforce.com
Starting new HTTPS connection (1): na31.salesforce.com
Starting new HTTPS connection (1): na31.salesforce.com
Starting new HTTPS connection (1): na31.salesforce.com
Starting new HTTPS connection (1): na31.salesforce.com
Starting new HTTPS connection (1): na31.salesforce.com
Starting new HTTPS connection (1): na31.salesforce.com
Starting new HTTPS connection (1): na31.salesforce.com
Starting new HTTPS connection (1): na31.salesforce.com
Starting new HTTPS connection (1): na31.salesforce.com
Starting new HTTPS connection (1): na31.salesforce.com
Starting new HTTPS connection (1): na31.salesforce.com
Starting new HTTPS connection (1): na31.salesforce.com
Starting new HTTPS connection (1): na31.salesforce.com
Starting new HTTPS connection (1): na31.salesforce.com
Starting new HTTPS connection (1): na31.salesforce.com
Starting new HTTPS connection (1): na31.salesforce.com
Starting new HTTPS connection (1): na31.salesforce.com
Starting new HTTPS connection (1): na31.salesforce.com
Starting new HTTPS connection (1): na31.salesforce.com
Starting new HTTPS connection (1): na31.salesforce.com
Starting new HTTPS connection (1): na31.salesforce.com
Starting new HTTPS connection (1): na31.salesforce.com
Starting new HTTPS connection (1): na31.salesforce.com
Starting new HTTPS connection (1): na31.salesforce.com
Starting new HTTPS connection (1): na31.salesforce.com
Starting new HTTPS connection (1): na31.salesforce.com
Starting new HTTPS connection (1): na31.salesforce.com
Starting new HTTPS connection (1): na31.salesforce.com
Starting new HTTPS connection (1): na31.salesforce.com
Starting new HTTPS connection (1): na31.salesforce.com
Starting new HTTPS connection (1): na31.salesforce.com
Starting new HTTPS connection (1): na31.salesforce.com
Starting new HTTPS connection (1): na31.salesforce.com
Starting new HTTPS connection (1): na31.salesforce.com
Starting new HTTPS connection (1): na31.salesforce.com
Starting new HTTPS connection (1): na31.salesforce.com
Starting new HTTPS connection (1): na31.salesforce.com
Starting new HTTPS connection (1): na31.salesforce.com
Starting new HTTPS connection (1): na31.salesforce.com
Starting new HTTPS connection (1): na31.salesforce.com
Starting new HTTPS connection (1): na31.salesforce.com
Starting new HTTPS connection (1): na31.salesforce.com
Starting new HTTPS connection (1): na31.salesforce.com
Starting new HTTPS connection (1): na31.salesforce.com
Starting new HTTPS connection (1): na31.salesforce.com
Starting new HTTPS connection (1): na31.salesforce.com
Starting new HTTPS connection (1): na31.salesforce.com
Starting new HTTPS connection (1): na31.salesforce.com
Starting new HTTPS connection (1): na31.salesforce.com
Starting new HTTPS connection (1): na31.salesforce.com
Starting new HTTPS connection (1): na31.salesforce.com
Starting new HTTPS connection (1): na31.salesforce.com
Starting new HTTPS connection (1): na31.salesforce.com
Starting new HTTPS connection (1): na31.salesforce.com
Starting new HTTPS connection (1): na31.salesforce.com
Starting new HTTPS connection (1): na31.salesforce.com
Starting new HTTPS connection (1): na31.salesforce.com
Starting new HTTPS connection (1): na31.salesforce.com
Starting new HTTPS connection (1): na31.salesforce.com
Starting new HTTPS connection (1): na31.salesforce.com
Starting new HTTPS connection (1): na31.salesforce.com
Starting new HTTPS connection (1): na31.salesforce.com
Starting new HTTPS connection (1): na31.salesforce.com
Starting new HTTPS connection (1): na31.salesforce.com
Starting new HTTPS connection (1): na31.salesforce.com
Starting new HTTPS connection (1): na31.salesforce.com
Starting new HTTPS connection (1): na31.salesforce.com
Starting new HTTPS connection (1): na31.salesforce.com
Starting new HTTPS connection (1): na31.salesforce.com
Starting new HTTPS connection (1): na31.salesforce.com
Starting new HTTPS connection (1): na31.salesforce.com
Starting new HTTPS connection (1): na31.salesforce.com
Starting new HTTPS connection (1): na31.salesforce.com
Starting new HTTPS connection (1): na31.salesforce.com
Starting new HTTPS connection (1): na31.salesforce.com
Starting new HTTPS connection (1): na31.salesforce.com
Starting new HTTPS connection (1): na31.salesforce.com
Starting new HTTPS connection (1): na31.salesforce.com
Starting new HTTPS connection (1): na31.salesforce.com
Starting new HTTPS connection (1): na31.salesforce.com
Starting new HTTPS connection (1): na31.salesforce.com
Starting new HTTPS connection (1): na31.salesforce.com
Starting new HTTPS connection (1): na31.salesforce.com
Starting new HTTPS connection (1): na31.salesforce.com
Starting new HTTPS connection (1): na31.salesforce.com
Starting new HTTPS connection (1): na31.salesforce.com
Starting new HTTPS connection (1): na31.salesforce.com
Starting new HTTPS connection (1): na31.salesforce.com
Starting new HTTPS connection (1): na31.salesforce.com
Starting new HTTPS connection (1): na31.salesforce.com
Starting new HTTPS connection (1): na31.salesforce.com
Starting new HTTPS connection (1): na31.salesforce.com
Starting new HTTPS connection (1): na31.salesforce.com
Starting new HTTPS connection (1): na31.salesforce.com
Starting new HTTPS connection (1): na31.salesforce.com
Starting new HTTPS connection (1): na31.salesforce.com
Starting new HTTPS connection (1): na31.salesforce.com
Starting new HTTPS connection (1): na31.salesforce.com
Starting new HTTPS connection (1): na31.salesforce.com
Starting new HTTPS connection (1): na31.salesforce.com
Starting new HTTPS connection (1): na31.salesforce.com
Starting new HTTPS connection (1): na31.salesforce.com
Starting new HTTPS connection (1): na31.salesforce.com
Starting new HTTPS connection (1): na31.salesforce.com
<?xml version="1.0" encoding="UTF-8"?>
<SOAP-ENV:Envelope xmlns:ns0="urn:partner.soap.sforce.com" xmlns:ns1="http://schemas.xmlsoap.org/soap/envelope/" xmlns:xsi="http://www.w3.org/2001/XMLSchema-instance" xmlns:tns="urn:partner.soap.sforce.com" xmlns:SOAP-ENV="http://schemas.xmlsoap.org/soap/envelope/">
   <SOAP-ENV:Header>
      <tns:SessionHeader>
         <tns:sessionId>00D37000000IRkx!AQQAQLMTwdVeAFxqnVcAf8iwWnU41yGCakz_EHwUfdPZI4Dm5hg_cMjuilT5BWPN.kj9GWSYXXev6Nt4L2lA0XKlh_7fHvQM</tns:sessionId>
      </tns:SessionHeader>
   </SOAP-ENV:Header>
   <ns1:Body>
      <ns0:getUserInfo/>
   </ns1:Body>
</SOAP-ENV:Envelope>
Starting new HTTPS connection (1): na31.salesforce.com
Starting new HTTPS connection (1): na31.salesforce.com
Starting new HTTPS connection (1): na31.salesforce.com
Starting new HTTPS connection (1): na31.salesforce.com
Starting new HTTPS connection (1): na31.salesforce.com
Starting new HTTPS connection (1): na31.salesforce.com
Starting new HTTPS connection (1): na31.salesforce.com
Starting new HTTPS connection (1): na31.salesforce.com
Starting new HTTPS connection (1): na31.salesforce.com
Starting new HTTPS connection (1): na31.salesforce.com
Starting new HTTPS connection (1): na31.salesforce.com
Starting new HTTPS connection (1): na31.salesforce.com
Starting new HTTPS connection (1): na31.salesforce.com
Starting new HTTPS connection (1): na31.salesforce.com
Starting new HTTPS connection (1): na31.salesforce.com
Starting new HTTPS connection (1): na31.salesforce.com
Starting new HTTPS connection (1): na31.salesforce.com
Starting new HTTPS connection (1): na31.salesforce.com
Starting new HTTPS connection (1): na31.salesforce.com
Starting new HTTPS connection (1): na31.salesforce.com
Starting new HTTPS connection (1): na31.salesforce.com
Starting new HTTPS connection (1): na31.salesforce.com
Starting new HTTPS connection (1): na31.salesforce.com
Starting new HTTPS connection (1): na31.salesforce.com
Starting new HTTPS connection (1): na31.salesforce.com
Starting new HTTPS connection (1): na31.salesforce.com
Starting new HTTPS connection (1): na31.salesforce.com
Starting new HTTPS connection (1): na31.salesforce.com
Starting new HTTPS connection (1): na31.salesforce.com
Starting new HTTPS connection (1): na31.salesforce.com
Starting new HTTPS connection (1): na31.salesforce.com
Starting new HTTPS connection (1): na31.salesforce.com
Starting new HTTPS connection (1): na31.salesforce.com
Starting new HTTPS connection (1): na31.salesforce.com
Starting new HTTPS connection (1): na31.salesforce.com
Starting new HTTPS connection (1): na31.salesforce.com
Starting new HTTPS connection (1): na31.salesforce.com
Starting new HTTPS connection (1): na31.salesforce.com
Starting new HTTPS connection (1): na31.salesforce.com
Starting new HTTPS connection (1): na31.salesforce.com
Starting new HTTPS connection (1): na31.salesforce.com
Starting new HTTPS connection (1): na31.salesforce.com
Starting new HTTPS connection (1): na31.salesforce.com
Starting new HTTPS connection (1): na31.salesforce.com
Starting new HTTPS connection (1): na31.salesforce.com
Starting new HTTPS connection (1): na31.salesforce.com
Starting new HTTPS connection (1): na31.salesforce.com
Starting new HTTPS connection (1): na31.salesforce.com
Starting new HTTPS connection (1): na31.salesforce.com
Starting new HTTPS connection (1): na31.salesforce.com
Starting new HTTPS connection (1): na31.salesforce.com
Starting new HTTPS connection (1): na31.salesforce.com
Starting new HTTPS connection (1): na31.salesforce.com
Starting new HTTPS connection (1): na31.salesforce.com
Starting new HTTPS connection (1): na31.salesforce.com
Starting new HTTPS connection (1): na31.salesforce.com
Starting new HTTPS connection (1): na31.salesforce.com
Starting new HTTPS connection (1): na31.salesforce.com
Starting new HTTPS connection (1): na31.salesforce.com
Starting new HTTPS connection (1): na31.salesforce.com
Starting new HTTPS connection (1): na31.salesforce.com
Starting new HTTPS connection (1): na31.salesforce.com
Starting new HTTPS connection (1): na31.salesforce.com
Starting new HTTPS connection (1): na31.salesforce.com
Starting new HTTPS connection (1): na31.salesforce.com
Starting new HTTPS connection (1): na31.salesforce.com
Starting new HTTPS connection (1): na31.salesforce.com
Starting new HTTPS connection (1): na31.salesforce.com
Starting new HTTPS connection (1): na31.salesforce.com
Starting new HTTPS connection (1): na31.salesforce.com
Starting new HTTPS connection (1): na31.salesforce.com
Starting new HTTPS connection (1): na31.salesforce.com
Starting new HTTPS connection (1): na31.salesforce.com
Starting new HTTPS connection (1): na31.salesforce.com
Starting new HTTPS connection (1): na31.salesforce.com
Starting new HTTPS connection (1): na31.salesforce.com
Starting new HTTPS connection (1): na31.salesforce.com
Starting new HTTPS connection (1): na31.salesforce.com
Starting new HTTPS connection (1): na31.salesforce.com
Starting new HTTPS connection (1): na31.salesforce.com
Starting new HTTPS connection (1): na31.salesforce.com
Starting new HTTPS connection (1): na31.salesforce.com
Starting new HTTPS connection (1): na31.salesforce.com
Starting new HTTPS connection (1): na31.salesforce.com
Starting new HTTPS connection (1): na31.salesforce.com
Starting new HTTPS connection (1): na31.salesforce.com
Starting new HTTPS connection (1): na31.salesforce.com
Starting new HTTPS connection (1): na31.salesforce.com
Starting new HTTPS connection (1): na31.salesforce.com
Starting new HTTPS connection (1): na31.salesforce.com
Starting new HTTPS connection (1): na31.salesforce.com
Starting new HTTPS connection (1): na31.salesforce.com
Starting new HTTPS connection (1): na31.salesforce.com
Starting new HTTPS connection (1): na31.salesforce.com
Starting new HTTPS connection (1): na31.salesforce.com
Starting new HTTPS connection (1): na31.salesforce.com
Starting new HTTPS connection (1): na31.salesforce.com
Starting new HTTPS connection (1): na31.salesforce.com
Starting new HTTPS connection (1): na31.salesforce.com
Starting new HTTPS connection (1): na31.salesforce.com
Starting new HTTPS connection (1): na31.salesforce.com
Starting new HTTPS connection (1): na31.salesforce.com
Starting new HTTPS connection (1): na31.salesforce.com
Starting new HTTPS connection (1): na31.salesforce.com
Starting new HTTPS connection (1): na31.salesforce.com
Starting new HTTPS connection (1): na31.salesforce.com
Starting new HTTPS connection (1): na31.salesforce.com
Starting new HTTPS connection (1): na31.salesforce.com
Starting new HTTPS connection (1): na31.salesforce.com
Starting new HTTPS connection (1): na31.salesforce.com
Starting new HTTPS connection (1): na31.salesforce.com
Starting new HTTPS connection (1): na31.salesforce.com
Starting new HTTPS connection (1): na31.salesforce.com
Starting new HTTPS connection (1): na31.salesforce.com
Starting new HTTPS connection (1): na31.salesforce.com
Starting new HTTPS connection (1): na31.salesforce.com
Starting new HTTPS connection (1): na31.salesforce.com
Starting new HTTPS connection (1): na31.salesforce.com
Starting new HTTPS connection (1): na31.salesforce.com
Starting new HTTPS connection (1): na31.salesforce.com
Starting new HTTPS connection (1): na31.salesforce.com
Starting new HTTPS connection (1): na31.salesforce.com
Starting new HTTPS connection (1): na31.salesforce.com
Starting new HTTPS connection (1): na31.salesforce.com
Starting new HTTPS connection (1): na31.salesforce.com
Starting new HTTPS connection (1): na31.salesforce.com
Starting new HTTPS connection (1): na31.salesforce.com
Starting new HTTPS connection (1): na31.salesforce.com
Starting new HTTPS connection (1): na31.salesforce.com
Starting new HTTPS connection (1): na31.salesforce.com
Starting new HTTPS connection (1): na31.salesforce.com
Starting new HTTPS connection (1): na31.salesforce.com
Starting new HTTPS connection (1): na31.salesforce.com
Starting new HTTPS connection (1): na31.salesforce.com
Starting new HTTPS connection (1): na31.salesforce.com
Starting new HTTPS connection (1): na31.salesforce.com
Starting new HTTPS connection (1): na31.salesforce.com
Starting new HTTPS connection (1): na31.salesforce.com
Starting new HTTPS connection (1): na31.salesforce.com
Starting new HTTPS connection (1): na31.salesforce.com
Starting new HTTPS connection (1): na31.salesforce.com
Starting new HTTPS connection (1): na31.salesforce.com
Starting new HTTPS connection (1): na31.salesforce.com
Starting new HTTPS connection (1): na31.salesforce.com
Starting new HTTPS connection (1): na31.salesforce.com
Starting new HTTPS connection (1): na31.salesforce.com
Starting new HTTPS connection (1): na31.salesforce.com
Starting new HTTPS connection (1): na31.salesforce.com
Starting new HTTPS connection (1): na31.salesforce.com
Starting new HTTPS connection (1): na31.salesforce.com
Starting new HTTPS connection (1): na31.salesforce.com
Starting new HTTPS connection (1): na31.salesforce.com
Starting new HTTPS connection (1): na31.salesforce.com
Starting new HTTPS connection (1): na31.salesforce.com
Starting new HTTPS connection (1): na31.salesforce.com
Starting new HTTPS connection (1): na31.salesforce.com
Starting new HTTPS connection (1): na31.salesforce.com
Starting new HTTPS connection (1): na31.salesforce.com
Starting new HTTPS connection (1): na31.salesforce.com
Starting new HTTPS connection (1): na31.salesforce.com
Starting new HTTPS connection (1): na31.salesforce.com
Starting new HTTPS connection (1): na31.salesforce.com
Starting new HTTPS connection (1): na31.salesforce.com
Starting new HTTPS connection (1): na31.salesforce.com
Starting new HTTPS connection (1): na31.salesforce.com
Starting new HTTPS connection (1): na31.salesforce.com
Starting new HTTPS connection (1): na31.salesforce.com
Starting new HTTPS connection (1): na31.salesforce.com
Starting new HTTPS connection (1): na31.salesforce.com
Starting new HTTPS connection (1): na31.salesforce.com
Starting new HTTPS connection (1): na31.salesforce.com
Starting new HTTPS connection (1): na31.salesforce.com
Starting new HTTPS connection (1): na31.salesforce.com
Starting new HTTPS connection (1): na31.salesforce.com
Starting new HTTPS connection (1): na31.salesforce.com
Starting new HTTPS connection (1): na31.salesforce.com
Starting new HTTPS connection (1): na31.salesforce.com
Starting new HTTPS connection (1): na31.salesforce.com
Starting new HTTPS connection (1): na31.salesforce.com
Starting new HTTPS connection (1): na31.salesforce.com
Starting new HTTPS connection (1): na31.salesforce.com
Starting new HTTPS connection (1): na31.salesforce.com
Starting new HTTPS connection (1): na31.salesforce.com
Starting new HTTPS connection (1): na31.salesforce.com
Starting new HTTPS connection (1): na31.salesforce.com
Starting new HTTPS connection (1): na31.salesforce.com
Starting new HTTPS connection (1): na31.salesforce.com
Starting new HTTPS connection (1): na31.salesforce.com
Starting new HTTPS connection (1): na31.salesforce.com
Starting new HTTPS connection (1): na31.salesforce.com
Starting new HTTPS connection (1): na31.salesforce.com
Starting new HTTPS connection (1): na31.salesforce.com
Starting new HTTPS connection (1): na31.salesforce.com
Starting new HTTPS connection (1): na31.salesforce.com
Starting new HTTPS connection (1): na31.salesforce.com
Starting new HTTPS connection (1): na31.salesforce.com
Starting new HTTPS connection (1): na31.salesforce.com
Starting new HTTPS connection (1): na31.salesforce.com
Starting new HTTPS connection (1): na31.salesforce.com
Starting new HTTPS connection (1): na31.salesforce.com
Starting new HTTPS connection (1): na31.salesforce.com
Starting new HTTPS connection (1): na31.salesforce.com
Starting new HTTPS connection (1): na31.salesforce.com
Starting new HTTPS connection (1): na31.salesforce.com
Starting new HTTPS connection (1): na31.salesforce.com
Starting new HTTPS connection (1): na31.salesforce.com
Starting new HTTPS connection (1): na31.salesforce.com
Starting new HTTPS connection (1): na31.salesforce.com
Starting new HTTPS connection (1): na31.salesforce.com
Starting new HTTPS connection (1): na31.salesforce.com
Starting new HTTPS connection (1): na31.salesforce.com
Starting new HTTPS connection (1): na31.salesforce.com
Starting new HTTPS connection (1): na31.salesforce.com
Starting new HTTPS connection (1): na31.salesforce.com
Starting new HTTPS connection (1): na31.salesforce.com
Starting new HTTPS connection (1): na31.salesforce.com
Starting new HTTPS connection (1): na31.salesforce.com
Starting new HTTPS connection (1): na31.salesforce.com
Starting new HTTPS connection (1): na31.salesforce.com
Starting new HTTPS connection (1): na31.salesforce.com
Starting new HTTPS connection (1): na31.salesforce.com
Starting new HTTPS connection (1): na31.salesforce.com
Starting new HTTPS connection (1): na31.salesforce.com
Starting new HTTPS connection (1): na31.salesforce.com
Starting new HTTPS connection (1): na31.salesforce.com
Starting new HTTPS connection (1): na31.salesforce.com
Starting new HTTPS connection (1): na31.salesforce.com
Starting new HTTPS connection (1): na31.salesforce.com
Starting new HTTPS connection (1): na31.salesforce.com
